[2024-06-15 18:45:32] local.ERROR: Command "server" is not defined.

Did you mean one of these?
    make:observer
    serve {"exception":"[object] (Symfony\\Component\\Console\\Exception\\CommandNotFoundException(code: 0): Command \"server\" is not defined.

Did you mean one of these?
    make:observer
    serve at C:\\Users\\USUARIO\\Desktop\\programar\\proyectos\\laravel\\laravel-crud-api\\vendor\\symfony\\console\\Application.php:702)
[stacktrace]
#0 C:\\Users\\USUARIO\\Desktop\\programar\\proyectos\\laravel\\laravel-crud-api\\vendor\\symfony\\console\\Application.php(258): Symfony\\Component\\Console\\Application->find('server')
#1 C:\\Users\\USUARIO\\Desktop\\programar\\proyectos\\laravel\\laravel-crud-api\\vendor\\symfony\\console\\Application.php(167): Symfony\\Component\\Console\\Application->doRun(Object(Symfony\\Component\\Console\\Input\\ArgvInput), Object(Symfony\\Component\\Console\\Output\\ConsoleOutput))
#2 C:\\Users\\USUARIO\\Desktop\\programar\\proyectos\\laravel\\laravel-crud-api\\vendor\\laravel\\framework\\src\\Illuminate\\Foundation\\Console\\Kernel.php(196): Symfony\\Component\\Console\\Application->run(Object(Symfony\\Component\\Console\\Input\\ArgvInput), Object(Symfony\\Component\\Console\\Output\\ConsoleOutput))
#3 C:\\Users\\USUARIO\\Desktop\\programar\\proyectos\\laravel\\laravel-crud-api\\vendor\\laravel\\framework\\src\\Illuminate\\Foundation\\Application.php(1198): Illuminate\\Foundation\\Console\\Kernel->handle(Object(Symfony\\Component\\Console\\Input\\ArgvInput), Object(Symfony\\Component\\Console\\Output\\ConsoleOutput))
#4 C:\\Users\\USUARIO\\Desktop\\programar\\proyectos\\laravel\\laravel-crud-api\\artisan(13): Illuminate\\Foundation\\Application->handleCommand(Object(Symfony\\Component\\Console\\Input\\ArgvInput))
#5 {main}
"} 
[2024-06-15 21:10:10] local.ERROR: SQLSTATE[HY000]: General error: 1 no such column: lenguage (Connection: sqlite, SQL: update "student" set "name" = pepe, "email" = dsad@tesst.com, "lenguage" = ?, "updated_at" = 2024-06-15 21:10:10 where "id" = 1) {"exception":"[object] (Illuminate\\Database\\QueryException(code: HY000): SQLSTATE[HY000]: General error: 1 no such column: lenguage (Connection: sqlite, SQL: update \"student\" set \"name\" = pepe, \"email\" = dsad@tesst.com, \"lenguage\" = ?, \"updated_at\" = 2024-06-15 21:10:10 where \"id\" = 1) at C:\\Users\\USUARIO\\Desktop\\programar\\proyectos\\laravel\\laravel-crud-api\\vendor\\laravel\\framework\\src\\Illuminate\\Database\\Connection.php:813)
[stacktrace]
#0 C:\\Users\\USUARIO\\Desktop\\programar\\proyectos\\laravel\\laravel-crud-api\\vendor\\laravel\\framework\\src\\Illuminate\\Database\\Connection.php(767): Illuminate\\Database\\Connection->runQueryCallback('update \"student...', Array, Object(Closure))
#1 C:\\Users\\USUARIO\\Desktop\\programar\\proyectos\\laravel\\laravel-crud-api\\vendor\\laravel\\framework\\src\\Illuminate\\Database\\Connection.php(584): Illuminate\\Database\\Connection->run('update \"student...', Array, Object(Closure))
#2 C:\\Users\\USUARIO\\Desktop\\programar\\proyectos\\laravel\\laravel-crud-api\\vendor\\laravel\\framework\\src\\Illuminate\\Database\\Connection.php(536): Illuminate\\Database\\Connection->affectingStatement('update \"student...', Array)
#3 C:\\Users\\USUARIO\\Desktop\\programar\\proyectos\\laravel\\laravel-crud-api\\vendor\\laravel\\framework\\src\\Illuminate\\Database\\Query\\Builder.php(3722): Illuminate\\Database\\Connection->update('update \"student...', Array)
#4 C:\\Users\\USUARIO\\Desktop\\programar\\proyectos\\laravel\\laravel-crud-api\\vendor\\laravel\\framework\\src\\Illuminate\\Database\\Eloquent\\Builder.php(1104): Illuminate\\Database\\Query\\Builder->update(Object(Illuminate\\Support\\Collection))
#5 C:\\Users\\USUARIO\\Desktop\\programar\\proyectos\\laravel\\laravel-crud-api\\vendor\\laravel\\framework\\src\\Illuminate\\Database\\Eloquent\\Model.php(1218): Illuminate\\Database\\Eloquent\\Builder->update(Array)
#6 C:\\Users\\USUARIO\\Desktop\\programar\\proyectos\\laravel\\laravel-crud-api\\vendor\\laravel\\framework\\src\\Illuminate\\Database\\Eloquent\\Model.php(1135): Illuminate\\Database\\Eloquent\\Model->performUpdate(Object(Illuminate\\Database\\Eloquent\\Builder))
#7 C:\\Users\\USUARIO\\Desktop\\programar\\proyectos\\laravel\\laravel-crud-api\\app\\Http\\Controllers\\studentController.php(145): Illuminate\\Database\\Eloquent\\Model->save()
#8 C:\\Users\\USUARIO\\Desktop\\programar\\proyectos\\laravel\\laravel-crud-api\\vendor\\laravel\\framework\\src\\Illuminate\\Routing\\ControllerDispatcher.php(46): App\\Http\\Controllers\\studentController->update(Object(Illuminate\\Http\\Request), '1')
#9 C:\\Users\\USUARIO\\Desktop\\programar\\proyectos\\laravel\\laravel-crud-api\\vendor\\laravel\\framework\\src\\Illuminate\\Routing\\Route.php(260): Illuminate\\Routing\\ControllerDispatcher->dispatch(Object(Illuminate\\Routing\\Route), Object(App\\Http\\Controllers\\studentController), 'update')
#10 C:\\Users\\USUARIO\\Desktop\\programar\\proyectos\\laravel\\laravel-crud-api\\vendor\\laravel\\framework\\src\\Illuminate\\Routing\\Route.php(206): Illuminate\\Routing\\Route->runController()
#11 C:\\Users\\USUARIO\\Desktop\\programar\\proyectos\\laravel\\laravel-crud-api\\vendor\\laravel\\framework\\src\\Illuminate\\Routing\\Router.php(806): Illuminate\\Routing\\Route->run()
#12 C:\\Users\\USUARIO\\Desktop\\programar\\proyectos\\laravel\\laravel-crud-api\\vendor\\laravel\\framework\\src\\Illuminate\\Pipeline\\Pipeline.php(144): Illuminate\\Routing\\Router->Illuminate\\Routing\\{closure}(Object(Illuminate\\Http\\Request))
#13 C:\\Users\\USUARIO\\Desktop\\programar\\proyectos\\laravel\\laravel-crud-api\\vendor\\laravel\\framework\\src\\Illuminate\\Routing\\Middleware\\SubstituteBindings.php(50): Illuminate\\Pipeline\\Pipeline->Illuminate\\Pipeline\\{closure}(Object(Illuminate\\Http\\Request))
#14 C:\\Users\\USUARIO\\Desktop\\programar\\proyectos\\laravel\\laravel-crud-api\\vendor\\laravel\\framework\\src\\Illuminate\\Pipeline\\Pipeline.php(183): Illuminate\\Routing\\Middleware\\SubstituteBindings->handle(Object(Illuminate\\Http\\Request), Object(Closure))
#15 C:\\Users\\USUARIO\\Desktop\\programar\\proyectos\\laravel\\laravel-crud-api\\vendor\\laravel\\framework\\src\\Illuminate\\Pipeline\\Pipeline.php(119): Illuminate\\Pipeline\\Pipeline->Illuminate\\Pipeline\\{closure}(Object(Illuminate\\Http\\Request))
#16 C:\\Users\\USUARIO\\Desktop\\programar\\proyectos\\laravel\\laravel-crud-api\\vendor\\laravel\\framework\\src\\Illuminate\\Routing\\Router.php(805): Illuminate\\Pipeline\\Pipeline->then(Object(Closure))
#17 C:\\Users\\USUARIO\\Desktop\\programar\\proyectos\\laravel\\laravel-crud-api\\vendor\\laravel\\framework\\src\\Illuminate\\Routing\\Router.php(784): Illuminate\\Routing\\Router->runRouteWithinStack(Object(Illuminate\\Routing\\Route), Object(Illuminate\\Http\\Request))
#18 C:\\Users\\USUARIO\\Desktop\\programar\\proyectos\\laravel\\laravel-crud-api\\vendor\\laravel\\framework\\src\\Illuminate\\Routing\\Router.php(748): Illuminate\\Routing\\Router->runRoute(Object(Illuminate\\Http\\Request), Object(Illuminate\\Routing\\Route))
#19 C:\\Users\\USUARIO\\Desktop\\programar\\proyectos\\laravel\\laravel-crud-api\\vendor\\laravel\\framework\\src\\Illuminate\\Routing\\Router.php(737): Illuminate\\Routing\\Router->dispatchToRoute(Object(Illuminate\\Http\\Request))
#20 C:\\Users\\USUARIO\\Desktop\\programar\\proyectos\\laravel\\laravel-crud-api\\vendor\\laravel\\framework\\src\\Illuminate\\Foundation\\Http\\Kernel.php(200): Illuminate\\Routing\\Router->dispatch(Object(Illuminate\\Http\\Request))
#21 C:\\Users\\USUARIO\\Desktop\\programar\\proyectos\\laravel\\laravel-crud-api\\vendor\\laravel\\framework\\src\\Illuminate\\Pipeline\\Pipeline.php(144): Illuminate\\Foundation\\Http\\Kernel->Illuminate\\Foundation\\Http\\{closure}(Object(Illuminate\\Http\\Request))
#22 C:\\Users\\USUARIO\\Desktop\\programar\\proyectos\\laravel\\laravel-crud-api\\vendor\\laravel\\framework\\src\\Illuminate\\Foundation\\Http\\Middleware\\TransformsRequest.php(21): Illuminate\\Pipeline\\Pipeline->Illuminate\\Pipeline\\{closure}(Object(Illuminate\\Http\\Request))
#23 C:\\Users\\USUARIO\\Desktop\\programar\\proyectos\\laravel\\laravel-crud-api\\vendor\\laravel\\framework\\src\\Illuminate\\Foundation\\Http\\Middleware\\ConvertEmptyStringsToNull.php(31): Illuminate\\Foundation\\Http\\Middleware\\TransformsRequest->handle(Object(Illuminate\\Http\\Request), Object(Closure))
#24 C:\\Users\\USUARIO\\Desktop\\programar\\proyectos\\laravel\\laravel-crud-api\\vendor\\laravel\\framework\\src\\Illuminate\\Pipeline\\Pipeline.php(183): Illuminate\\Foundation\\Http\\Middleware\\ConvertEmptyStringsToNull->handle(Object(Illuminate\\Http\\Request), Object(Closure))
#25 C:\\Users\\USUARIO\\Desktop\\programar\\proyectos\\laravel\\laravel-crud-api\\vendor\\laravel\\framework\\src\\Illuminate\\Foundation\\Http\\Middleware\\TransformsRequest.php(21): Illuminate\\Pipeline\\Pipeline->Illuminate\\Pipeline\\{closure}(Object(Illuminate\\Http\\Request))
#26 C:\\Users\\USUARIO\\Desktop\\programar\\proyectos\\laravel\\laravel-crud-api\\vendor\\laravel\\framework\\src\\Illuminate\\Foundation\\Http\\Middleware\\TrimStrings.php(51): Illuminate\\Foundation\\Http\\Middleware\\TransformsRequest->handle(Object(Illuminate\\Http\\Request), Object(Closure))
#27 C:\\Users\\USUARIO\\Desktop\\programar\\proyectos\\laravel\\laravel-crud-api\\vendor\\laravel\\framework\\src\\Illuminate\\Pipeline\\Pipeline.php(183): Illuminate\\Foundation\\Http\\Middleware\\TrimStrings->handle(Object(Illuminate\\Http\\Request), Object(Closure))
#28 C:\\Users\\USUARIO\\Desktop\\programar\\proyectos\\laravel\\laravel-crud-api\\vendor\\laravel\\framework\\src\\Illuminate\\Http\\Middleware\\ValidatePostSize.php(27): Illuminate\\Pipeline\\Pipeline->Illuminate\\Pipeline\\{closure}(Object(Illuminate\\Http\\Request))
#29 C:\\Users\\USUARIO\\Desktop\\programar\\proyectos\\laravel\\laravel-crud-api\\vendor\\laravel\\framework\\src\\Illuminate\\Pipeline\\Pipeline.php(183): Illuminate\\Http\\Middleware\\ValidatePostSize->handle(Object(Illuminate\\Http\\Request), Object(Closure))
#30 C:\\Users\\USUARIO\\Desktop\\programar\\proyectos\\laravel\\laravel-crud-api\\vendor\\laravel\\framework\\src\\Illuminate\\Foundation\\Http\\Middleware\\PreventRequestsDuringMaintenance.php(110): Illuminate\\Pipeline\\Pipeline->Illuminate\\Pipeline\\{closure}(Object(Illuminate\\Http\\Request))
#31 C:\\Users\\USUARIO\\Desktop\\programar\\proyectos\\laravel\\laravel-crud-api\\vendor\\laravel\\framework\\src\\Illuminate\\Pipeline\\Pipeline.php(183): Illuminate\\Foundation\\Http\\Middleware\\PreventRequestsDuringMaintenance->handle(Object(Illuminate\\Http\\Request), Object(Closure))
#32 C:\\Users\\USUARIO\\Desktop\\programar\\proyectos\\laravel\\laravel-crud-api\\vendor\\laravel\\framework\\src\\Illuminate\\Http\\Middleware\\HandleCors.php(62): Illuminate\\Pipeline\\Pipeline->Illuminate\\Pipeline\\{closure}(Object(Illuminate\\Http\\Request))
#33 C:\\Users\\USUARIO\\Desktop\\programar\\proyectos\\laravel\\laravel-crud-api\\vendor\\laravel\\framework\\src\\Illuminate\\Pipeline\\Pipeline.php(183): Illuminate\\Http\\Middleware\\HandleCors->handle(Object(Illuminate\\Http\\Request), Object(Closure))
#34 C:\\Users\\USUARIO\\Desktop\\programar\\proyectos\\laravel\\laravel-crud-api\\vendor\\laravel\\framework\\src\\Illuminate\\Http\\Middleware\\TrustProxies.php(57): Illuminate\\Pipeline\\Pipeline->Illuminate\\Pipeline\\{closure}(Object(Illuminate\\Http\\Request))
#35 C:\\Users\\USUARIO\\Desktop\\programar\\proyectos\\laravel\\laravel-crud-api\\vendor\\laravel\\framework\\src\\Illuminate\\Pipeline\\Pipeline.php(183): Illuminate\\Http\\Middleware\\TrustProxies->handle(Object(Illuminate\\Http\\Request), Object(Closure))
#36 C:\\Users\\USUARIO\\Desktop\\programar\\proyectos\\laravel\\laravel-crud-api\\vendor\\laravel\\framework\\src\\Illuminate\\Pipeline\\Pipeline.php(119): Illuminate\\Pipeline\\Pipeline->Illuminate\\Pipeline\\{closure}(Object(Illuminate\\Http\\Request))
#37 C:\\Users\\USUARIO\\Desktop\\programar\\proyectos\\laravel\\laravel-crud-api\\vendor\\laravel\\framework\\src\\Illuminate\\Foundation\\Http\\Kernel.php(175): Illuminate\\Pipeline\\Pipeline->then(Object(Closure))
#38 C:\\Users\\USUARIO\\Desktop\\programar\\proyectos\\laravel\\laravel-crud-api\\vendor\\laravel\\framework\\src\\Illuminate\\Foundation\\Http\\Kernel.php(144): Illuminate\\Foundation\\Http\\Kernel->sendRequestThroughRouter(Object(Illuminate\\Http\\Request))
#39 C:\\Users\\USUARIO\\Desktop\\programar\\proyectos\\laravel\\laravel-crud-api\\vendor\\laravel\\framework\\src\\Illuminate\\Foundation\\Application.php(1183): Illuminate\\Foundation\\Http\\Kernel->handle(Object(Illuminate\\Http\\Request))
#40 C:\\Users\\USUARIO\\Desktop\\programar\\proyectos\\laravel\\laravel-crud-api\\public\\index.php(17): Illuminate\\Foundation\\Application->handleRequest(Object(Illuminate\\Http\\Request))
#41 C:\\Users\\USUARIO\\Desktop\\programar\\proyectos\\laravel\\laravel-crud-api\\vendor\\laravel\\framework\\src\\Illuminate\\Foundation\\resources\\server.php(16): require_once('C:\\\\Users\\\\USUARI...')
#42 {main}

[previous exception] [object] (PDOException(code: HY000): SQLSTATE[HY000]: General error: 1 no such column: lenguage at C:\\Users\\USUARIO\\Desktop\\programar\\proyectos\\laravel\\laravel-crud-api\\vendor\\laravel\\framework\\src\\Illuminate\\Database\\Connection.php:592)
[stacktrace]
#0 C:\\Users\\USUARIO\\Desktop\\programar\\proyectos\\laravel\\laravel-crud-api\\vendor\\laravel\\framework\\src\\Illuminate\\Database\\Connection.php(592): PDO->prepare('update \"student...')
#1 C:\\Users\\USUARIO\\Desktop\\programar\\proyectos\\laravel\\laravel-crud-api\\vendor\\laravel\\framework\\src\\Illuminate\\Database\\Connection.php(800): Illuminate\\Database\\Connection->Illuminate\\Database\\{closure}('update \"student...', Array)
#2 C:\\Users\\USUARIO\\Desktop\\programar\\proyectos\\laravel\\laravel-crud-api\\vendor\\laravel\\framework\\src\\Illuminate\\Database\\Connection.php(767): Illuminate\\Database\\Connection->runQueryCallback('update \"student...', Array, Object(Closure))
#3 C:\\Users\\USUARIO\\Desktop\\programar\\proyectos\\laravel\\laravel-crud-api\\vendor\\laravel\\framework\\src\\Illuminate\\Database\\Connection.php(584): Illuminate\\Database\\Connection->run('update \"student...', Array, Object(Closure))
#4 C:\\Users\\USUARIO\\Desktop\\programar\\proyectos\\laravel\\laravel-crud-api\\vendor\\laravel\\framework\\src\\Illuminate\\Database\\Connection.php(536): Illuminate\\Database\\Connection->affectingStatement('update \"student...', Array)
#5 C:\\Users\\USUARIO\\Desktop\\programar\\proyectos\\laravel\\laravel-crud-api\\vendor\\laravel\\framework\\src\\Illuminate\\Database\\Query\\Builder.php(3722): Illuminate\\Database\\Connection->update('update \"student...', Array)
#6 C:\\Users\\USUARIO\\Desktop\\programar\\proyectos\\laravel\\laravel-crud-api\\vendor\\laravel\\framework\\src\\Illuminate\\Database\\Eloquent\\Builder.php(1104): Illuminate\\Database\\Query\\Builder->update(Object(Illuminate\\Support\\Collection))
#7 C:\\Users\\USUARIO\\Desktop\\programar\\proyectos\\laravel\\laravel-crud-api\\vendor\\laravel\\framework\\src\\Illuminate\\Database\\Eloquent\\Model.php(1218): Illuminate\\Database\\Eloquent\\Builder->update(Array)
#8 C:\\Users\\USUARIO\\Desktop\\programar\\proyectos\\laravel\\laravel-crud-api\\vendor\\laravel\\framework\\src\\Illuminate\\Database\\Eloquent\\Model.php(1135): Illuminate\\Database\\Eloquent\\Model->performUpdate(Object(Illuminate\\Database\\Eloquent\\Builder))
#9 C:\\Users\\USUARIO\\Desktop\\programar\\proyectos\\laravel\\laravel-crud-api\\app\\Http\\Controllers\\studentController.php(145): Illuminate\\Database\\Eloquent\\Model->save()
#10 C:\\Users\\USUARIO\\Desktop\\programar\\proyectos\\laravel\\laravel-crud-api\\vendor\\laravel\\framework\\src\\Illuminate\\Routing\\ControllerDispatcher.php(46): App\\Http\\Controllers\\studentController->update(Object(Illuminate\\Http\\Request), '1')
#11 C:\\Users\\USUARIO\\Desktop\\programar\\proyectos\\laravel\\laravel-crud-api\\vendor\\laravel\\framework\\src\\Illuminate\\Routing\\Route.php(260): Illuminate\\Routing\\ControllerDispatcher->dispatch(Object(Illuminate\\Routing\\Route), Object(App\\Http\\Controllers\\studentController), 'update')
#12 C:\\Users\\USUARIO\\Desktop\\programar\\proyectos\\laravel\\laravel-crud-api\\vendor\\laravel\\framework\\src\\Illuminate\\Routing\\Route.php(206): Illuminate\\Routing\\Route->runController()
#13 C:\\Users\\USUARIO\\Desktop\\programar\\proyectos\\laravel\\laravel-crud-api\\vendor\\laravel\\framework\\src\\Illuminate\\Routing\\Router.php(806): Illuminate\\Routing\\Route->run()
#14 C:\\Users\\USUARIO\\Desktop\\programar\\proyectos\\laravel\\laravel-crud-api\\vendor\\laravel\\framework\\src\\Illuminate\\Pipeline\\Pipeline.php(144): Illuminate\\Routing\\Router->Illuminate\\Routing\\{closure}(Object(Illuminate\\Http\\Request))
#15 C:\\Users\\USUARIO\\Desktop\\programar\\proyectos\\laravel\\laravel-crud-api\\vendor\\laravel\\framework\\src\\Illuminate\\Routing\\Middleware\\SubstituteBindings.php(50): Illuminate\\Pipeline\\Pipeline->Illuminate\\Pipeline\\{closure}(Object(Illuminate\\Http\\Request))
#16 C:\\Users\\USUARIO\\Desktop\\programar\\proyectos\\laravel\\laravel-crud-api\\vendor\\laravel\\framework\\src\\Illuminate\\Pipeline\\Pipeline.php(183): Illuminate\\Routing\\Middleware\\SubstituteBindings->handle(Object(Illuminate\\Http\\Request), Object(Closure))
#17 C:\\Users\\USUARIO\\Desktop\\programar\\proyectos\\laravel\\laravel-crud-api\\vendor\\laravel\\framework\\src\\Illuminate\\Pipeline\\Pipeline.php(119): Illuminate\\Pipeline\\Pipeline->Illuminate\\Pipeline\\{closure}(Object(Illuminate\\Http\\Request))
#18 C:\\Users\\USUARIO\\Desktop\\programar\\proyectos\\laravel\\laravel-crud-api\\vendor\\laravel\\framework\\src\\Illuminate\\Routing\\Router.php(805): Illuminate\\Pipeline\\Pipeline->then(Object(Closure))
#19 C:\\Users\\USUARIO\\Desktop\\programar\\proyectos\\laravel\\laravel-crud-api\\vendor\\laravel\\framework\\src\\Illuminate\\Routing\\Router.php(784): Illuminate\\Routing\\Router->runRouteWithinStack(Object(Illuminate\\Routing\\Route), Object(Illuminate\\Http\\Request))
#20 C:\\Users\\USUARIO\\Desktop\\programar\\proyectos\\laravel\\laravel-crud-api\\vendor\\laravel\\framework\\src\\Illuminate\\Routing\\Router.php(748): Illuminate\\Routing\\Router->runRoute(Object(Illuminate\\Http\\Request), Object(Illuminate\\Routing\\Route))
#21 C:\\Users\\USUARIO\\Desktop\\programar\\proyectos\\laravel\\laravel-crud-api\\vendor\\laravel\\framework\\src\\Illuminate\\Routing\\Router.php(737): Illuminate\\Routing\\Router->dispatchToRoute(Object(Illuminate\\Http\\Request))
#22 C:\\Users\\USUARIO\\Desktop\\programar\\proyectos\\laravel\\laravel-crud-api\\vendor\\laravel\\framework\\src\\Illuminate\\Foundation\\Http\\Kernel.php(200): Illuminate\\Routing\\Router->dispatch(Object(Illuminate\\Http\\Request))
#23 C:\\Users\\USUARIO\\Desktop\\programar\\proyectos\\laravel\\laravel-crud-api\\vendor\\laravel\\framework\\src\\Illuminate\\Pipeline\\Pipeline.php(144): Illuminate\\Foundation\\Http\\Kernel->Illuminate\\Foundation\\Http\\{closure}(Object(Illuminate\\Http\\Request))
#24 C:\\Users\\USUARIO\\Desktop\\programar\\proyectos\\laravel\\laravel-crud-api\\vendor\\laravel\\framework\\src\\Illuminate\\Foundation\\Http\\Middleware\\TransformsRequest.php(21): Illuminate\\Pipeline\\Pipeline->Illuminate\\Pipeline\\{closure}(Object(Illuminate\\Http\\Request))
#25 C:\\Users\\USUARIO\\Desktop\\programar\\proyectos\\laravel\\laravel-crud-api\\vendor\\laravel\\framework\\src\\Illuminate\\Foundation\\Http\\Middleware\\ConvertEmptyStringsToNull.php(31): Illuminate\\Foundation\\Http\\Middleware\\TransformsRequest->handle(Object(Illuminate\\Http\\Request), Object(Closure))
#26 C:\\Users\\USUARIO\\Desktop\\programar\\proyectos\\laravel\\laravel-crud-api\\vendor\\laravel\\framework\\src\\Illuminate\\Pipeline\\Pipeline.php(183): Illuminate\\Foundation\\Http\\Middleware\\ConvertEmptyStringsToNull->handle(Object(Illuminate\\Http\\Request), Object(Closure))
#27 C:\\Users\\USUARIO\\Desktop\\programar\\proyectos\\laravel\\laravel-crud-api\\vendor\\laravel\\framework\\src\\Illuminate\\Foundation\\Http\\Middleware\\TransformsRequest.php(21): Illuminate\\Pipeline\\Pipeline->Illuminate\\Pipeline\\{closure}(Object(Illuminate\\Http\\Request))
#28 C:\\Users\\USUARIO\\Desktop\\programar\\proyectos\\laravel\\laravel-crud-api\\vendor\\laravel\\framework\\src\\Illuminate\\Foundation\\Http\\Middleware\\TrimStrings.php(51): Illuminate\\Foundation\\Http\\Middleware\\TransformsRequest->handle(Object(Illuminate\\Http\\Request), Object(Closure))
#29 C:\\Users\\USUARIO\\Desktop\\programar\\proyectos\\laravel\\laravel-crud-api\\vendor\\laravel\\framework\\src\\Illuminate\\Pipeline\\Pipeline.php(183): Illuminate\\Foundation\\Http\\Middleware\\TrimStrings->handle(Object(Illuminate\\Http\\Request), Object(Closure))
#30 C:\\Users\\USUARIO\\Desktop\\programar\\proyectos\\laravel\\laravel-crud-api\\vendor\\laravel\\framework\\src\\Illuminate\\Http\\Middleware\\ValidatePostSize.php(27): Illuminate\\Pipeline\\Pipeline->Illuminate\\Pipeline\\{closure}(Object(Illuminate\\Http\\Request))
#31 C:\\Users\\USUARIO\\Desktop\\programar\\proyectos\\laravel\\laravel-crud-api\\vendor\\laravel\\framework\\src\\Illuminate\\Pipeline\\Pipeline.php(183): Illuminate\\Http\\Middleware\\ValidatePostSize->handle(Object(Illuminate\\Http\\Request), Object(Closure))
#32 C:\\Users\\USUARIO\\Desktop\\programar\\proyectos\\laravel\\laravel-crud-api\\vendor\\laravel\\framework\\src\\Illuminate\\Foundation\\Http\\Middleware\\PreventRequestsDuringMaintenance.php(110): Illuminate\\Pipeline\\Pipeline->Illuminate\\Pipeline\\{closure}(Object(Illuminate\\Http\\Request))
#33 C:\\Users\\USUARIO\\Desktop\\programar\\proyectos\\laravel\\laravel-crud-api\\vendor\\laravel\\framework\\src\\Illuminate\\Pipeline\\Pipeline.php(183): Illuminate\\Foundation\\Http\\Middleware\\PreventRequestsDuringMaintenance->handle(Object(Illuminate\\Http\\Request), Object(Closure))
#34 C:\\Users\\USUARIO\\Desktop\\programar\\proyectos\\laravel\\laravel-crud-api\\vendor\\laravel\\framework\\src\\Illuminate\\Http\\Middleware\\HandleCors.php(62): Illuminate\\Pipeline\\Pipeline->Illuminate\\Pipeline\\{closure}(Object(Illuminate\\Http\\Request))
#35 C:\\Users\\USUARIO\\Desktop\\programar\\proyectos\\laravel\\laravel-crud-api\\vendor\\laravel\\framework\\src\\Illuminate\\Pipeline\\Pipeline.php(183): Illuminate\\Http\\Middleware\\HandleCors->handle(Object(Illuminate\\Http\\Request), Object(Closure))
#36 C:\\Users\\USUARIO\\Desktop\\programar\\proyectos\\laravel\\laravel-crud-api\\vendor\\laravel\\framework\\src\\Illuminate\\Http\\Middleware\\TrustProxies.php(57): Illuminate\\Pipeline\\Pipeline->Illuminate\\Pipeline\\{closure}(Object(Illuminate\\Http\\Request))
#37 C:\\Users\\USUARIO\\Desktop\\programar\\proyectos\\laravel\\laravel-crud-api\\vendor\\laravel\\framework\\src\\Illuminate\\Pipeline\\Pipeline.php(183): Illuminate\\Http\\Middleware\\TrustProxies->handle(Object(Illuminate\\Http\\Request), Object(Closure))
#38 C:\\Users\\USUARIO\\Desktop\\programar\\proyectos\\laravel\\laravel-crud-api\\vendor\\laravel\\framework\\src\\Illuminate\\Pipeline\\Pipeline.php(119): Illuminate\\Pipeline\\Pipeline->Illuminate\\Pipeline\\{closure}(Object(Illuminate\\Http\\Request))
#39 C:\\Users\\USUARIO\\Desktop\\programar\\proyectos\\laravel\\laravel-crud-api\\vendor\\laravel\\framework\\src\\Illuminate\\Foundation\\Http\\Kernel.php(175): Illuminate\\Pipeline\\Pipeline->then(Object(Closure))
#40 C:\\Users\\USUARIO\\Desktop\\programar\\proyectos\\laravel\\laravel-crud-api\\vendor\\laravel\\framework\\src\\Illuminate\\Foundation\\Http\\Kernel.php(144): Illuminate\\Foundation\\Http\\Kernel->sendRequestThroughRouter(Object(Illuminate\\Http\\Request))
#41 C:\\Users\\USUARIO\\Desktop\\programar\\proyectos\\laravel\\laravel-crud-api\\vendor\\laravel\\framework\\src\\Illuminate\\Foundation\\Application.php(1183): Illuminate\\Foundation\\Http\\Kernel->handle(Object(Illuminate\\Http\\Request))
#42 C:\\Users\\USUARIO\\Desktop\\programar\\proyectos\\laravel\\laravel-crud-api\\public\\index.php(17): Illuminate\\Foundation\\Application->handleRequest(Object(Illuminate\\Http\\Request))
#43 C:\\Users\\USUARIO\\Desktop\\programar\\proyectos\\laravel\\laravel-crud-api\\vendor\\laravel\\framework\\src\\Illuminate\\Foundation\\resources\\server.php(16): require_once('C:\\\\Users\\\\USUARI...')
#44 {main}
"} 
[2024-06-17 19:03:41] local.ERROR: Method Illuminate\Database\Schema\Blueprint::int does not exist. {"exception":"[object] (BadMethodCallException(code: 0): Method Illuminate\\Database\\Schema\\Blueprint::int does not exist. at C:\\Users\\USUARIO\\Desktop\\programar\\proyectos\\laravel\\laravel-crud-api\\vendor\\laravel\\framework\\src\\Illuminate\\Macroable\\Traits\\Macroable.php:115)
[stacktrace]
#0 C:\\Users\\USUARIO\\Desktop\\programar\\proyectos\\laravel\\laravel-crud-api\\database\\migrations\\2024_06_17_190033_products.php(18): Illuminate\\Database\\Schema\\Blueprint->__call('int', Array)
#1 C:\\Users\\USUARIO\\Desktop\\programar\\proyectos\\laravel\\laravel-crud-api\\vendor\\laravel\\framework\\src\\Illuminate\\Database\\Schema\\Builder.php(421): Illuminate\\Database\\Migrations\\Migration@anonymous->{closure}(Object(Illuminate\\Database\\Schema\\Blueprint))
#2 C:\\Users\\USUARIO\\Desktop\\programar\\proyectos\\laravel\\laravel-crud-api\\vendor\\laravel\\framework\\src\\Illuminate\\Support\\helpers.php(363): Illuminate\\Database\\Schema\\Builder->Illuminate\\Database\\Schema\\{closure}(Object(Illuminate\\Database\\Schema\\Blueprint))
#3 C:\\Users\\USUARIO\\Desktop\\programar\\proyectos\\laravel\\laravel-crud-api\\vendor\\laravel\\framework\\src\\Illuminate\\Database\\Schema\\Builder.php(418): tap(Object(Illuminate\\Database\\Schema\\Blueprint), Object(Closure))
#4 C:\\Users\\USUARIO\\Desktop\\programar\\proyectos\\laravel\\laravel-crud-api\\vendor\\laravel\\framework\\src\\Illuminate\\Support\\Facades\\Facade.php(357): Illuminate\\Database\\Schema\\Builder->create('product', Object(Closure))
#5 C:\\Users\\USUARIO\\Desktop\\programar\\proyectos\\laravel\\laravel-crud-api\\database\\migrations\\2024_06_17_190033_products.php(14): Illuminate\\Support\\Facades\\Facade::__callStatic('create', Array)
#6 C:\\Users\\USUARIO\\Desktop\\programar\\proyectos\\laravel\\laravel-crud-api\\vendor\\laravel\\framework\\src\\Illuminate\\Database\\Migrations\\Migrator.php(476): Illuminate\\Database\\Migrations\\Migration@anonymous->up()
#7 C:\\Users\\USUARIO\\Desktop\\programar\\proyectos\\laravel\\laravel-crud-api\\vendor\\laravel\\framework\\src\\Illuminate\\Database\\Migrations\\Migrator.php(402): Illuminate\\Database\\Migrations\\Migrator->runMethod(Object(Illuminate\\Database\\MySqlConnection), Object(Illuminate\\Database\\Migrations\\Migration@anonymous), 'up')
#8 C:\\Users\\USUARIO\\Desktop\\programar\\proyectos\\laravel\\laravel-crud-api\\vendor\\laravel\\framework\\src\\Illuminate\\Database\\Migrations\\Migrator.php(411): Illuminate\\Database\\Migrations\\Migrator->Illuminate\\Database\\Migrations\\{closure}()
#9 C:\\Users\\USUARIO\\Desktop\\programar\\proyectos\\laravel\\laravel-crud-api\\vendor\\laravel\\framework\\src\\Illuminate\\Database\\Migrations\\Migrator.php(212): Illuminate\\Database\\Migrations\\Migrator->runMigration(Object(Illuminate\\Database\\Migrations\\Migration@anonymous), 'up')
#10 C:\\Users\\USUARIO\\Desktop\\programar\\proyectos\\laravel\\laravel-crud-api\\vendor\\laravel\\framework\\src\\Illuminate\\Console\\View\\Components\\Task.php(40): Illuminate\\Database\\Migrations\\Migrator->Illuminate\\Database\\Migrations\\{closure}()
#11 C:\\Users\\USUARIO\\Desktop\\programar\\proyectos\\laravel\\laravel-crud-api\\vendor\\laravel\\framework\\src\\Illuminate\\Database\\Migrations\\Migrator.php(739): Illuminate\\Console\\View\\Components\\Task->render('2024_06_17_1900...', Object(Closure))
#12 C:\\Users\\USUARIO\\Desktop\\programar\\proyectos\\laravel\\laravel-crud-api\\vendor\\laravel\\framework\\src\\Illuminate\\Database\\Migrations\\Migrator.php(212): Illuminate\\Database\\Migrations\\Migrator->write('Illuminate\\\\Cons...', '2024_06_17_1900...', Object(Closure))
#13 C:\\Users\\USUARIO\\Desktop\\programar\\proyectos\\laravel\\laravel-crud-api\\vendor\\laravel\\framework\\src\\Illuminate\\Database\\Migrations\\Migrator.php(179): Illuminate\\Database\\Migrations\\Migrator->runUp('C:\\\\Users\\\\USUARI...', 2, false)
#14 C:\\Users\\USUARIO\\Desktop\\programar\\proyectos\\laravel\\laravel-crud-api\\vendor\\laravel\\framework\\src\\Illuminate\\Database\\Migrations\\Migrator.php(122): Illuminate\\Database\\Migrations\\Migrator->runPending(Array, Array)
#15 C:\\Users\\USUARIO\\Desktop\\programar\\proyectos\\laravel\\laravel-crud-api\\vendor\\laravel\\framework\\src\\Illuminate\\Database\\Console\\Migrations\\MigrateCommand.php(116): Illuminate\\Database\\Migrations\\Migrator->run(Array, Array)
#16 C:\\Users\\USUARIO\\Desktop\\programar\\proyectos\\laravel\\laravel-crud-api\\vendor\\laravel\\framework\\src\\Illuminate\\Database\\Migrations\\Migrator.php(616): Illuminate\\Database\\Console\\Migrations\\MigrateCommand->Illuminate\\Database\\Console\\Migrations\\{closure}()
#17 C:\\Users\\USUARIO\\Desktop\\programar\\proyectos\\laravel\\laravel-crud-api\\vendor\\laravel\\framework\\src\\Illuminate\\Database\\Console\\Migrations\\MigrateCommand.php(109): Illuminate\\Database\\Migrations\\Migrator->usingConnection(NULL, Object(Closure))
#18 C:\\Users\\USUARIO\\Desktop\\programar\\proyectos\\laravel\\laravel-crud-api\\vendor\\laravel\\framework\\src\\Illuminate\\Database\\Console\\Migrations\\MigrateCommand.php(88): Illuminate\\Database\\Console\\Migrations\\MigrateCommand->runMigrations()
#19 C:\\Users\\USUARIO\\Desktop\\programar\\proyectos\\laravel\\laravel-crud-api\\vendor\\laravel\\framework\\src\\Illuminate\\Container\\BoundMethod.php(36): Illuminate\\Database\\Console\\Migrations\\MigrateCommand->handle()
#20 C:\\Users\\USUARIO\\Desktop\\programar\\proyectos\\laravel\\laravel-crud-api\\vendor\\laravel\\framework\\src\\Illuminate\\Container\\Util.php(41): Illuminate\\Container\\BoundMethod::Illuminate\\Container\\{closure}()
#21 C:\\Users\\USUARIO\\Desktop\\programar\\proyectos\\laravel\\laravel-crud-api\\vendor\\laravel\\framework\\src\\Illuminate\\Container\\BoundMethod.php(93): Illuminate\\Container\\Util::unwrapIfClosure(Object(Closure))
#22 C:\\Users\\USUARIO\\Desktop\\programar\\proyectos\\laravel\\laravel-crud-api\\vendor\\laravel\\framework\\src\\Illuminate\\Container\\BoundMethod.php(35): Illuminate\\Container\\BoundMethod::callBoundMethod(Object(Illuminate\\Foundation\\Application), Array, Object(Closure))
#23 C:\\Users\\USUARIO\\Desktop\\programar\\proyectos\\laravel\\laravel-crud-api\\vendor\\laravel\\framework\\src\\Illuminate\\Container\\Container.php(662): Illuminate\\Container\\BoundMethod::call(Object(Illuminate\\Foundation\\Application), Array, Array, NULL)
#24 C:\\Users\\USUARIO\\Desktop\\programar\\proyectos\\laravel\\laravel-crud-api\\vendor\\laravel\\framework\\src\\Illuminate\\Console\\Command.php(213): Illuminate\\Container\\Container->call(Array)
#25 C:\\Users\\USUARIO\\Desktop\\programar\\proyectos\\laravel\\laravel-crud-api\\vendor\\symfony\\console\\Command\\Command.php(279): Illuminate\\Console\\Command->execute(Object(Symfony\\Component\\Console\\Input\\ArgvInput), Object(Illuminate\\Console\\OutputStyle))
#26 C:\\Users\\USUARIO\\Desktop\\programar\\proyectos\\laravel\\laravel-crud-api\\vendor\\laravel\\framework\\src\\Illuminate\\Console\\Command.php(182): Symfony\\Component\\Console\\Command\\Command->run(Object(Symfony\\Component\\Console\\Input\\ArgvInput), Object(Illuminate\\Console\\OutputStyle))
#27 C:\\Users\\USUARIO\\Desktop\\programar\\proyectos\\laravel\\laravel-crud-api\\vendor\\symfony\\console\\Application.php(1047): Illuminate\\Console\\Command->run(Object(Symfony\\Component\\Console\\Input\\ArgvInput), Object(Symfony\\Component\\Console\\Output\\ConsoleOutput))
#28 C:\\Users\\USUARIO\\Desktop\\programar\\proyectos\\laravel\\laravel-crud-api\\vendor\\symfony\\console\\Application.php(316): Symfony\\Component\\Console\\Application->doRunCommand(Object(Illuminate\\Database\\Console\\Migrations\\MigrateCommand), Object(Symfony\\Component\\Console\\Input\\ArgvInput), Object(Symfony\\Component\\Console\\Output\\ConsoleOutput))
#29 C:\\Users\\USUARIO\\Desktop\\programar\\proyectos\\laravel\\laravel-crud-api\\vendor\\symfony\\console\\Application.php(167): Symfony\\Component\\Console\\Application->doRun(Object(Symfony\\Component\\Console\\Input\\ArgvInput), Object(Symfony\\Component\\Console\\Output\\ConsoleOutput))
#30 C:\\Users\\USUARIO\\Desktop\\programar\\proyectos\\laravel\\laravel-crud-api\\vendor\\laravel\\framework\\src\\Illuminate\\Foundation\\Console\\Kernel.php(196): Symfony\\Component\\Console\\Application->run(Object(Symfony\\Component\\Console\\Input\\ArgvInput), Object(Symfony\\Component\\Console\\Output\\ConsoleOutput))
#31 C:\\Users\\USUARIO\\Desktop\\programar\\proyectos\\laravel\\laravel-crud-api\\vendor\\laravel\\framework\\src\\Illuminate\\Foundation\\Application.php(1198): Illuminate\\Foundation\\Console\\Kernel->handle(Object(Symfony\\Component\\Console\\Input\\ArgvInput), Object(Symfony\\Component\\Console\\Output\\ConsoleOutput))
#32 C:\\Users\\USUARIO\\Desktop\\programar\\proyectos\\laravel\\laravel-crud-api\\artisan(13): Illuminate\\Foundation\\Application->handleCommand(Object(Symfony\\Component\\Console\\Input\\ArgvInput))
#33 {main}
"} 
